[15-Oct-2014 22:17:14 UTC] PHP Warning:  PHP Startup: uploadprogress: Unable to initialize module
Module compiled with module API=20090626
PHP    compiled with module API=20100525
These options need to match
 in Unknown on line 0
[15-Oct-2014 22:17:39 UTC] PHP Warning:  PHP Startup: uploadprogress: Unable to initialize module
Module compiled with module API=20090626
PHP    compiled with module API=20100525
These options need to match
 in Unknown on line 0
[22-Nov-2014 11:54:31 UTC] PHP Warning:  PHP Startup: Unable to load dynamic library '/usr/lib64/php/modules/uploadprogress.so' - /usr/lib64/php/modules/uploadprogress.so: cannot open shared object file: No such file or directory in Unknown on line 0
[22-Nov-2014 11:54:32 UTC] PHP Warning:  PHP Startup: Unable to load dynamic library '/usr/lib64/php/modules/uploadprogress.so' - /usr/lib64/php/modules/uploadprogress.so: cannot open shared object file: No such file or directory in Unknown on line 0
[22-Nov-2014 11:54:33 UTC] PHP Warning:  PHP Startup: Unable to load dynamic library '/usr/lib64/php/modules/uploadprogress.so' - /usr/lib64/php/modules/uploadprogress.so: cannot open shared object file: No such file or directory in Unknown on line 0
[22-Nov-2014 11:54:47 UTC] PHP Warning:  PHP Startup: Unable to load dynamic library '/usr/lib64/php/modules/uploadprogress.so' - /usr/lib64/php/modules/uploadprogress.so: cannot open shared object file: No such file or directory in Unknown on line 0
[22-Nov-2014 11:54:49 UTC] PHP Warning:  PHP Startup: Unable to load dynamic library '/usr/lib64/php/modules/uploadprogress.so' - /usr/lib64/php/modules/uploadprogress.so: cannot open shared object file: No such file or directory in Unknown on line 0
[22-Nov-2014 11:54:51 UTC] PHP Warning:  PHP Startup: Unable to load dynamic library '/usr/lib64/php/modules/uploadprogress.so' - /usr/lib64/php/modules/uploadprogress.so: cannot open shared object file: No such file or directory in Unknown on line 0
[13-Dec-2014 08:58:28 UTC] PHP Warning:  PHP Startup: Unable to load dynamic library '/usr/lib64/php/modules/uploadprogress.so' - /usr/lib64/php/modules/uploadprogress.so: cannot open shared object file: No such file or directory in Unknown on line 0
[13-Dec-2014 08:58:29 UTC] PHP Warning:  PHP Startup: Unable to load dynamic library '/usr/lib64/php/modules/uploadprogress.so' - /usr/lib64/php/modules/uploadprogress.so: cannot open shared object file: No such file or directory in Unknown on line 0
[13-Dec-2014 08:58:30 UTC] PHP Warning:  PHP Startup: Unable to load dynamic library '/usr/lib64/php/modules/uploadprogress.so' - /usr/lib64/php/modules/uploadprogress.so: cannot open shared object file: No such file or directory in Unknown on line 0
[13-Dec-2014 08:58:34 UTC] PHP Warning:  PHP Startup: Unable to load dynamic library '/usr/lib64/php/modules/uploadprogress.so' - /usr/lib64/php/modules/uploadprogress.so: cannot open shared object file: No such file or directory in Unknown on line 0
[13-Dec-2014 08:58:35 UTC] PHP Warning:  PHP Startup: Unable to load dynamic library '/usr/lib64/php/modules/uploadprogress.so' - /usr/lib64/php/modules/uploadprogress.so: cannot open shared object file: No such file or directory in Unknown on line 0
